This is pdfTeX, Version 3.141592653-2.6-1.40.22 (TeX Live 2021/NixOS.org) (preloaded format=pdflatex 2022.5.1)  19 MAY 2022 16:29
entering extended mode
 restricted \write18 enabled.
 %&-line parsing enabled.
**lempel-ziv-factorization.tex
(./lempel-ziv-factorization.tex
LaTeX2e <2020-10-01> patch level 4
L3 programming layer <2021-02-18>
(/nix/store/7jq7d1zhb406vphgvjn2mqblx9ciymdp-texlive-combined-full-2021.2021040
8/share/texmf/tex/latex/base/article.cls
Document Class: article 2020/04/10 v1.4m Standard LaTeX document class

(/nix/store/7jq7d1zhb406vphgvjn2mqblx9ciymdp-texlive-combined-full-2021.2021040
8/share/texmf/tex/latex/base/size12.clo
File: size12.clo 2020/04/10 v1.4m Standard LaTeX file (size option)
)
\c@part=\count179
\c@section=\count180
\c@subsection=\count181
\c@subsubsection=\count182
\c@paragraph=\count183
\c@subparagraph=\count184
\c@figure=\count185
\c@table=\count186
\abovecaptionskip=\skip47
\belowcaptionskip=\skip48
\bibindent=\dimen138
)
(/nix/store/7jq7d1zhb406vphgvjn2mqblx9ciymdp-texlive-combined-full-2021.2021040
8/share/texmf/tex/latex/amsmath/amsmath.sty
Package: amsmath 2020/09/23 v2.17i AMS math features
\@mathmargin=\skip49

For additional information on amsmath, use the `?' option.

(/nix/store/7jq7d1zhb406vphgvjn2mqblx9ciymdp-texlive-combined-full-2021.2021040
8/share/texmf/tex/latex/amsmath/amstext.sty
Package: amstext 2000/06/29 v2.01 AMS text

(/nix/store/7jq7d1zhb406vphgvjn2mqblx9ciymdp-texlive-combined-full-2021.2021040
8/share/texmf/tex/latex/amsmath/amsgen.sty
File: amsgen.sty 1999/11/30 v2.0 generic functions
\@emptytoks=\toks15
\ex@=\dimen139
))
(/nix/store/7jq7d1zhb406vphgvjn2mqblx9ciymdp-texlive-combined-full-2021.2021040
8/share/texmf/tex/latex/amsmath/amsbsy.sty
Package: amsbsy 1999/11/29 v1.2d Bold Symbols
\pmbraise@=\dimen140
)
(/nix/store/7jq7d1zhb406vphgvjn2mqblx9ciymdp-texlive-combined-full-2021.2021040
8/share/texmf/tex/latex/amsmath/amsopn.sty
Package: amsopn 2016/03/08 v2.02 operator names
)
\inf@bad=\count187
LaTeX Info: Redefining \frac on input line 234.
\uproot@=\count188
\leftroot@=\count189
LaTeX Info: Redefining \overline on input line 399.
\classnum@=\count190
\DOTSCASE@=\count191
LaTeX Info: Redefining \ldots on input line 496.
LaTeX Info: Redefining \dots on input line 499.
LaTeX Info: Redefining \cdots on input line 620.
\Mathstrutbox@=\box47
\strutbox@=\box48
\big@size=\dimen141
LaTeX Font Info:    Redeclaring font encoding OML on input line 743.
LaTeX Font Info:    Redeclaring font encoding OMS on input line 744.
\macc@depth=\count192
\c@MaxMatrixCols=\count193
\dotsspace@=\muskip16
\c@parentequation=\count194
\dspbrk@lvl=\count195
\tag@help=\toks16
\row@=\count196
\column@=\count197
\maxfields@=\count198
\andhelp@=\toks17
\eqnshift@=\dimen142
\alignsep@=\dimen143
\tagshift@=\dimen144
\tagwidth@=\dimen145
\totwidth@=\dimen146
\lineht@=\dimen147
\@envbody=\toks18
\multlinegap=\skip50
\multlinetaggap=\skip51
\mathdisplay@stack=\toks19
LaTeX Info: Redefining \[ on input line 2923.
LaTeX Info: Redefining \] on input line 2924.
)
(/nix/store/7jq7d1zhb406vphgvjn2mqblx9ciymdp-texlive-combined-full-2021.2021040
8/share/texmf/tex/latex/amscls/amsthm.sty
Package: amsthm 2020/05/29 v2.20.6
\thm@style=\toks20
\thm@bodyfont=\toks21
\thm@headfont=\toks22
\thm@notefont=\toks23
\thm@headpunct=\toks24
\thm@preskip=\skip52
\thm@postskip=\skip53
\thm@headsep=\skip54
\dth@everypar=\toks25
)
(/nix/store/7jq7d1zhb406vphgvjn2mqblx9ciymdp-texlive-combined-full-2021.2021040
8/share/texmf/tex/latex/amsfonts/amssymb.sty
Package: amssymb 2013/01/14 v3.01 AMS font symbols

(/nix/store/7jq7d1zhb406vphgvjn2mqblx9ciymdp-texlive-combined-full-2021.2021040
8/share/texmf/tex/latex/amsfonts/amsfonts.sty
Package: amsfonts 2013/01/14 v3.01 Basic AMSFonts support
\symAMSa=\mathgroup4
\symAMSb=\mathgroup5
LaTeX Font Info:    Redeclaring math symbol \hbar on input line 98.
LaTeX Font Info:    Overwriting math alphabet `\mathfrak' in version `bold'
(Font)                  U/euf/m/n --> U/euf/b/n on input line 106.
))
(/nix/store/7jq7d1zhb406vphgvjn2mqblx9ciymdp-texlive-combined-full-2021.202104